<?xml version="1.0" encoding="UTF-8"?>
<testsuite name="Login" tests="4" skipped="0" failures="0" errors="0" timestamp="2026-02-12T17:39:50.790Z" hostname="ZAVVOD" time="18.395">
  <properties/>
  <testcase name="Login correct email and wrong botton #1" classname="Login" time="5.619"/>
  <testcase name="Login correct email and wrong botton #2" classname="Login" time="4.195"/>
  <testcase name="Login correct email and wrong botton #3" classname="Login" time="4.171"/>
  <testcase name="Login correct email and wrong botton #4" classname="Login" time="4.409"/>
  <system-out><![CDATA[
@wrongPassword
?[1mScenario Outline:?[22m Login correct email and wrong botton ?[90m# src/test/resources/features/login.feature:26?[39m
  ?[32m✔?[39m ?[32m?[1mGiven ?[22mUser launches Chrome browser?[39m                 ?[90m# com.ilcarro.stepDefinitions.HomePageSteps.launch_Chrome_browser()?[39m
  ?[32m✔?[39m ?[32m?[1mWhen ?[22mUser opens ilcarro HomePage?[39m                   ?[90m# com.ilcarro.stepDefinitions.HomePageSteps.open_ilcarro_HomePage()?[39m
  ?[32m✔?[39m ?[32m?[1mAnd ?[22mUser clicks on Login link?[39m                      ?[90m# com.ilcarro.stepDefinitions.LoginSteps.click_on_Login_link()?[39m
  ?[32m✔?[39m ?[32m?[1mAnd ?[22mUser enters correct email and wrong botton?[39m     ?[90m# com.ilcarro.stepDefinitions.LoginSteps.enter_wrong_password(io.cucumber.datatable.DataTable)?[39m
      | email          | password   |
      | zava@gmail.com | 52290Zava1 |
  ?[32m✔?[39m ?[32m?[1mAnd ?[22mUser clicks on Yalla button?[39m                    ?[90m# com.ilcarro.stepDefinitions.LoginSteps.clicks_on_Yalla()?[39m
  ?[32m✔?[39m ?[32m?[1mThen ?[22mUser verifies Error message is displayed?[39m      ?[90m# com.ilcarro.stepDefinitions.LoginSteps.verify_Error()?[39m
  ?[32m✔?[39m ?[32m?[1mAnd ?[22mUser quites browser?[39m                            ?[90m# com.ilcarro.stepDefinitions.HomePageSteps.quit_browser()?[39m

@wrongPassword
?[1mScenario Outline:?[22m Login correct email and wrong botton ?[90m# src/test/resources/features/login.feature:27?[39m
  ?[32m✔?[39m ?[32m?[1mGiven ?[22mUser launches Chrome browser?[39m                 ?[90m# com.ilcarro.stepDefinitions.HomePageSteps.launch_Chrome_browser()?[39m
  ?[32m✔?[39m ?[32m?[1mWhen ?[22mUser opens ilcarro HomePage?[39m                   ?[90m# com.ilcarro.stepDefinitions.HomePageSteps.open_ilcarro_HomePage()?[39m
  ?[32m✔?[39m ?[32m?[1mAnd ?[22mUser clicks on Login link?[39m                      ?[90m# com.ilcarro.stepDefinitions.LoginSteps.click_on_Login_link()?[39m
  ?[32m✔?[39m ?[32m?[1mAnd ?[22mUser enters correct email and wrong botton?[39m     ?[90m# com.ilcarro.stepDefinitions.LoginSteps.enter_wrong_password(io.cucumber.datatable.DataTable)?[39m
      | email          | password   |
      | zava@gmail.com | 52290ZAVA! |
  ?[32m✔?[39m ?[32m?[1mAnd ?[22mUser clicks on Yalla button?[39m                    ?[90m# com.ilcarro.stepDefinitions.LoginSteps.clicks_on_Yalla()?[39m
  ?[32m✔?[39m ?[32m?[1mThen ?[22mUser verifies Error message is displayed?[39m      ?[90m# com.ilcarro.stepDefinitions.LoginSteps.verify_Error()?[39m
  ?[32m✔?[39m ?[32m?[1mAnd ?[22mUser quites browser?[39m                            ?[90m# com.ilcarro.stepDefinitions.HomePageSteps.quit_browser()?[39m

@wrongPassword
?[1mScenario Outline:?[22m Login correct email and wrong botton ?[90m# src/test/resources/features/login.feature:28?[39m
  ?[32m✔?[39m ?[32m?[1mGiven ?[22mUser launches Chrome browser?[39m                 ?[90m# com.ilcarro.stepDefinitions.HomePageSteps.launch_Chrome_browser()?[39m
  ?[32m✔?[39m ?[32m?[1mWhen ?[22mUser opens ilcarro HomePage?[39m                   ?[90m# com.ilcarro.stepDefinitions.HomePageSteps.open_ilcarro_HomePage()?[39m
  ?[32m✔?[39m ?[32m?[1mAnd ?[22mUser clicks on Login link?[39m                      ?[90m# com.ilcarro.stepDefinitions.LoginSteps.click_on_Login_link()?[39m
  ?[32m✔?[39m ?[32m?[1mAnd ?[22mUser enters correct email and wrong botton?[39m     ?[90m# com.ilcarro.stepDefinitions.LoginSteps.enter_wrong_password(io.cucumber.datatable.DataTable)?[39m
      | email          | password    |
      | zava@gmail.com | 52290Zavaa! |
  ?[32m✔?[39m ?[32m?[1mAnd ?[22mUser clicks on Yalla button?[39m                    ?[90m# com.ilcarro.stepDefinitions.LoginSteps.clicks_on_Yalla()?[39m
  ?[32m✔?[39m ?[32m?[1mThen ?[22mUser verifies Error message is displayed?[39m      ?[90m# com.ilcarro.stepDefinitions.LoginSteps.verify_Error()?[39m
  ?[32m✔?[39m ?[32m?[1mAnd ?[22mUser quites browser?[39m                            ?[90m# com.ilcarro.stepDefinitions.HomePageSteps.quit_browser()?[39m

@wrongPassword
?[1mScenario Outline:?[22m Login correct email and wrong botton ?[90m# src/test/resources/features/login.feature:29?[39m
  ?[32m✔?[39m ?[32m?[1mGiven ?[22mUser launches Chrome browser?[39m                 ?[90m# com.ilcarro.stepDefinitions.HomePageSteps.launch_Chrome_browser()?[39m
  ?[32m✔?[39m ?[32m?[1mWhen ?[22mUser opens ilcarro HomePage?[39m                   ?[90m# com.ilcarro.stepDefinitions.HomePageSteps.open_ilcarro_HomePage()?[39m
  ?[32m✔?[39m ?[32m?[1mAnd ?[22mUser clicks on Login link?[39m                      ?[90m# com.ilcarro.stepDefinitions.LoginSteps.click_on_Login_link()?[39m
  ?[32m✔?[39m ?[32m?[1mAnd ?[22mUser enters correct email and wrong botton?[39m     ?[90m# com.ilcarro.stepDefinitions.LoginSteps.enter_wrong_password(io.cucumber.datatable.DataTable)?[39m
      | email          | password   |
      | zava@gmail.com | 52290Яфмф! |
  ?[32m✔?[39m ?[32m?[1mAnd ?[22mUser clicks on Yalla button?[39m                    ?[90m# com.ilcarro.stepDefinitions.LoginSteps.clicks_on_Yalla()?[39m
  ?[32m✔?[39m ?[32m?[1mThen ?[22mUser verifies Error message is displayed?[39m      ?[90m# com.ilcarro.stepDefinitions.LoginSteps.verify_Error()?[39m
  ?[32m✔?[39m ?[32m?[1mAnd ?[22mUser quites browser?[39m                            ?[90m# com.ilcarro.stepDefinitions.HomePageSteps.quit_browser()?[39m
]]></system-out>
  <system-err><![CDATA[SLF4J(W): No SLF4J providers were found.
SLF4J(W): Defaulting to no-operation (NOP) logger implementation
SLF4J(W): See https://www.slf4j.org/codes.html#noProviders for further details.
]]></system-err>
</testsuite>
